{"level":"error","message":"Failed to connect to the database \nReqlDriverError: Could not connect to localhost:28015.\nconnect ECONNREFUSED 127.0.0.1:28015","timestamp":"2016-11-23T08:56:07.319Z"}
{"level":"error","message":"models/index.js --> setup()\nReqlOpFailedError: Database `rtvs` already exists in:\nr.dbCreate(\"rtvs\")\n^^^^^^^^^^^^^^^^^^","timestamp":"2017-01-20T09:50:14.386Z"}
{"level":"error","message":"controllers/controller.js --> availableAction()\nReqlDriverError: Could not connect to localhost:28015.\ngetaddrinfo ENOENT localhost:28015","timestamp":"2017-02-15T06:52:59.989Z"}
{"level":"error","message":"controllers/controller.js --> availableAction()\nReqlDriverError: Could not connect to localhost:28015.\ngetaddrinfo ENOENT localhost:28015","timestamp":"2017-02-15T06:53:52.433Z"}
{"level":"error","message":"controllers/controller.js --> availableAction()\nReqlDriverError: Could not connect to localhost:28015.\ngetaddrinfo ENOENT localhost:28015","timestamp":"2017-02-15T06:54:16.988Z"}
{"level":"error","message":"controllers/controller.js --> availableAction()\nReqlDriverError: Could not connect to localhost:28015.\ngetaddrinfo ENOENT localhost:28015","timestamp":"2017-02-15T06:54:56.740Z"}
{"level":"error","message":"controllers/controller.js --> availableAction()\nReqlDriverError: Could not connect to localhost:28015.\ngetaddrinfo ENOENT localhost:28015","timestamp":"2017-02-15T07:05:35.448Z"}
{"level":"error","message":"controllers/controller.js --> availableAction()\nReqlDriverError: Could not connect to localhost:28015.\ngetaddrinfo ENOENT localhost:28015","timestamp":"2017-02-15T07:06:33.538Z"}
{"level":"error","message":"controllers/controller.js --> availableAction()\nReqlDriverError: Could not connect to localhost:28015.\ngetaddrinfo ENOENT localhost:28015","timestamp":"2017-02-15T07:08:33.537Z"}
{"level":"error","message":"controllers/controller.js --> availableAction()\nReqlDriverError: Could not connect to localhost:28015.\ngetaddrinfo ENOENT localhost:28015","timestamp":"2017-02-15T07:09:16.056Z"}
{"level":"error","message":"models/polls.js --> createPoll()\nReqlDriverError: Could not connect to localhost:28015.\ngetaddrinfo ENOENT localhost:28015","timestamp":"2017-02-15T07:09:57.147Z"}
{"level":"error","message":"controllers/controller.js --> availableAction()\nReqlDriverError: Could not connect to localhost:28015.\ngetaddrinfo ENOENT localhost:28015","timestamp":"2017-02-15T07:11:36.004Z"}
{"level":"error","message":"controllers/controller.js --> availableAction()\nReqlDriverError: Could not connect to localhost:28015.\ngetaddrinfo ENOENT localhost:28015","timestamp":"2017-02-15T07:12:03.474Z"}
{"level":"error","message":"controllers/controller.js --> availableAction()\nReqlDriverError: Could not connect to localhost:28015.\ngetaddrinfo ENOENT localhost:28015","timestamp":"2017-02-15T07:14:03.478Z"}
{"level":"error","message":"controllers/controller.js --> availableAction()\nReqlDriverError: Could not connect to localhost:28015.\ngetaddrinfo ENOENT localhost:28015","timestamp":"2017-02-15T07:14:19.899Z"}
{"level":"error","message":"controllers/controller.js --> availableAction()\nReqlDriverError: Could not connect to localhost:28015.\ngetaddrinfo ENOENT localhost:28015","timestamp":"2017-02-15T07:15:28.923Z"}
{"level":"error","message":"controllers/controller.js --> availableAction()\nReqlDriverError: Could not connect to localhost:28015.\ngetaddrinfo ENOENT localhost:28015","timestamp":"2017-02-15T07:18:16.517Z"}
{"level":"error","message":"controllers/controller.js --> availableAction()\nReqlDriverError: Could not connect to localhost:28015.\ngetaddrinfo ENOENT localhost:28015","timestamp":"2017-02-15T07:18:49.570Z"}
{"level":"error","message":"controllers/controller.js -> realTimeAction()\nReqlDriverError: Could not connect to localhost:28015.\ngetaddrinfo ENOENT localhost:28015","timestamp":"2017-02-28T08:53:35.592Z"}
{"level":"error","message":"controllers/controller.js -> realTimeAction()\nReqlRuntimeError: Connection is closed in:\nr.table(\"answers\").changes()\n^^^^^^^^^^^^^^^^^^^^^^^^^^^^","timestamp":"2017-03-16T13:50:30.803Z"}
{"level":"error","message":"controllers/controller.js -> realTimeAction()\nReqlRuntimeError: Connection is closed in:\nr.table(\"answers\").changes()\n^^^^^^^^^^^^^^^^^^^^^^^^^^^^","timestamp":"2017-03-16T13:50:30.803Z"}
{"level":"error","message":"controllers/controller.js -> realTimeAction()\nReqlRuntimeError: Connection is closed in:\nr.table(\"answers\").changes()\n^^^^^^^^^^^^^^^^^^^^^^^^^^^^","timestamp":"2017-03-16T13:50:30.803Z"}
{"level":"error","message":"controllers/controller.js -> realTimeAction()\nReqlRuntimeError: Connection is closed in:\nr.table(\"answers\").changes()\n^^^^^^^^^^^^^^^^^^^^^^^^^^^^","timestamp":"2017-03-16T13:50:30.803Z"}
